==cmd processing = false==
		Generate Sides
			Attackers pushback: Archer
			Attackers pushback: Warrior
			Attackers pushback: Archer
			Attackers pushback: Wizard
			Attackers pushback: Elf
			Attackers pushback: Wizard
			Attackers pushback: Archer
			Attackers pushback: Dragonborn
			Attackers pushback: Dragonborn
			Attackers pushback: Archer
			Attackers pushback: Warrior
			Attackers pushback: Dragonborn
			Attackers pushback: Wizard
			Attackers pushback: Archer
			Attackers pushback: Archer
			Attackers pushback: Elf
			Attackers pushback: Elf
			Attackers pushback: Dragonborn
			Attackers pushback: Dragonborn
			Attackers pushback: Warrior
			Attackers pushback: Archer
			Attackers pushback: Elf
			Attackers pushback: Dragonborn
			Attackers pushback: Dragonborn
			Attackers pushback: Warrior
			Attackers pushback: Archer
			Attackers pushback: Dragonborn
			Attackers pushback: Archer
			Attackers pushback: Dragonborn
			Attackers pushback: Dragonborn
			Attackers pushback: Wizard
			Attackers pushback: Dragonborn
			Attackers pushback: Dragonborn
			Attackers pushback: Dragonborn
			Attackers pushback: Dragonborn
			Attackers pushback: Archer
			Attackers pushback: Elf
			Attackers pushback: Elf
			Attackers pushback: Elf
			Attackers pushback: Dragonborn
			Attackers pushback: Wizard
			Attackers pushback: Elf
			Attackers pushback: Wizard
			Attackers pushback: Archer
			Attackers pushback: Elf
			Attackers pushback: Archer
			Attackers pushback: Elf
			Attackers pushback: Elf
			Attackers pushback: Elf
			Attackers pushback: Dragonborn
			Attackers pushback: Wizard
			Attackers pushback: Archer
			Attackers pushback: Warrior
			Attackers pushback: Warrior
			Attackers pushback: Elf
			Attackers pushback: Warrior
			Attackers pushback: Archer
			Attackers pushback: Archer
			Attackers pushback: Elf
			Attackers pushback: Archer
			Attackers pushback: Dragonborn
			Attackers pushback: Elf
			Attackers pushback: Elf
			Attackers pushback: Elf
			Attackers pushback: Wizard
			Attackers pushback: Elf
			Attackers pushback: Dragonborn
			Attackers pushback: Wizard
			Attackers pushback: Archer
			Attackers pushback: Wizard
			Attackers pushback: Dragonborn
			Attackers pushback: Elf
			Attackers pushback: Warrior
			Attackers pushback: Dragonborn
			Attackers pushback: Warrior
			Attackers pushback: Elf
			Attackers pushback: Archer
			Attackers pushback: Archer
			Attackers pushback: Elf
			Attackers pushback: Elf
			Attackers pushback: Archer
			Attackers pushback: Archer
			Attackers pushback: Elf
			Attackers pushback: Archer
			Attackers pushback: Archer
			Attackers pushback: Archer
			Attackers pushback: Elf
			Attackers pushback: Warrior
			Attackers pushback: Wizard
			Attackers pushback: Dragonborn
			Attackers pushback: Warrior
			Attackers pushback: Dragonborn
			Attackers pushback: Archer
			Attackers pushback: Archer
			Attackers pushback: Wizard
			Attackers pushback: Archer
			Attackers pushback: Elf
			Attackers pushback: Dragonborn
			Attackers pushback: Elf
			Attackers pushback: Dragonborn
			Attackers pushback: Warrior
			Attackers pushback: Elf
			Attackers pushback: Wizard
			Attackers pushback: Archer
			Attackers pushback: Dragonborn
			Attackers pushback: Archer
			Attackers pushback: Warrior
			Attackers pushback: Warrior
			Attackers pushback: Archer
			Attackers pushback: Archer
			Attackers pushback: Dragonborn
			Attackers pushback: Archer
			Attackers pushback: Wizard
			Attackers pushback: Warrior
			Attackers pushback: Dragonborn
			Attackers pushback: Dragonborn
			Attackers pushback: Elf
			Attackers pushback: Wizard
			Attackers pushback: Wizard
			Attackers pushback: Archer
			Attackers pushback: Wizard
			Attackers pushback: Warrior
			Attackers pushback: Dragonborn
			Attackers pushback: Dragonborn
			Attackers pushback: Dragonborn
			Attackers pushback: Wizard
			Attackers pushback: Wizard
			Attackers pushback: Archer
			Attackers pushback: Warrior
			Attackers pushback: Archer
			Attackers pushback: Archer
			Attackers pushback: Warrior
			Attackers pushback: Elf
			Attackers pushback: Wizard
			Attackers pushback: Archer
			Attackers pushback: Elf
			Attackers pushback: Warrior
			Attackers pushback: Dragonborn
			Attackers pushback: Elf
			Attackers pushback: Elf
			Attackers pushback: Elf
			Attackers pushback: Dragonborn
			Attackers pushback: Elf
			Attackers pushback: Elf
			Attackers pushback: Wizard
			Attackers pushback: Warrior
			Attackers pushback: Wizard
			Attackers pushback: Warrior
			Attackers pushback: Warrior
			Attackers pushback: Wizard
			Attackers pushback: Elf
			Attackers pushback: Archer
			Attackers pushback: Wizard
			Attackers pushback: Archer
			Attackers pushback: Dragonborn
			Attackers pushback: Warrior
			Attackers pushback: Elf
			Attackers pushback: Wizard
			Attackers pushback: Elf
			Attackers pushback: Warrior
			Attackers pushback: Elf
			Attackers pushback: Dragonborn
			Attackers pushback: Wizard
			Attackers pushback: Warrior
			Attackers pushback: Warrior
			Attackers pushback: Elf
			Attackers pushback: Warrior
			Attackers pushback: Archer
			Attackers pushback: Wizard
			Attackers pushback: Elf
			Attackers pushback: Wizard
			Attackers pushback: Elf
			Attackers pushback: Wizard
			Attackers pushback: Archer
			Attackers pushback: Warrior
			Attackers pushback: Archer
			Attackers pushback: Dragonborn
			Attackers pushback: Elf
			Attackers pushback: Elf
			Attackers pushback: Warrior
			Attackers pushback: Wizard
			Attackers pushback: Dragonborn
			Attackers pushback: Archer
			Attackers pushback: Dragonborn
			Attackers pushback: Wizard
			Attackers pushback: Archer
			Attackers pushback: Wizard
			Attackers pushback: Dragonborn
			Attackers pushback: Warrior
			Attackers pushback: Warrior
			Attackers pushback: Archer
			Attackers pushback: Warrior
			Attackers pushback: Archer
			Attackers pushback: Archer
			Attackers pushback: Dragonborn
			Attackers pushback: Archer
			Attackers pushback: Warrior
			Attackers pushback: Elf
			Attackers pushback: Warrior
			Attackers pushback: Wizard
			Attackers pushback: Wizard
			Attackers pushback: Warrior
			Attackers pushback: Wizard
			Attackers pushback: Elf
			Attackers pushback: Archer
			Attackers pushback: Wizard
			Attackers pushback: Wizard
			Attackers pushback: Wizard
			Attackers pushback: Elf
			Attackers pushback: Warrior
			Attackers pushback: Dragonborn
			Attackers pushback: Dragonborn
			Attackers pushback: Archer
			Attackers pushback: Elf
			Attackers pushback: Dragonborn
			Attackers pushback: Wizard
			Attackers pushback: Elf
			Attackers pushback: Dragonborn
			Attackers pushback: Warrior
			Attackers pushback: Warrior
			Attackers pushback: Archer
			Attackers pushback: Warrior
			Attackers pushback: Elf
			Attackers pushback: Dragonborn
			Attackers pushback: Warrior
			Attackers pushback: Warrior
			Attackers pushback: Archer
			Attackers pushback: Elf
			Attackers pushback: Dragonborn
			Attackers pushback: Dragonborn
			Attackers pushback: Archer
			Attackers pushback: Warrior
			Attackers pushback: Dragonborn
			Attackers pushback: Archer
			Attackers pushback: Warrior
			Attackers pushback: Wizard
			Attackers pushback: Elf
			Attackers pushback: Warrior
			Attackers pushback: Wizard
			Attackers pushback: Archer
			Attackers pushback: Archer
			Attackers pushback: Dragonborn
			Attackers pushback: Archer
			Attackers pushback: Archer
			Attackers pushback: Archer
			Attackers pushback: Warrior
			Attackers pushback: Elf
			Attackers pushback: Warrior
			Attackers pushback: Warrior
			Attackers pushback: Warrior
			Attackers pushback: Dragonborn
			Attackers pushback: Archer
			Attackers pushback: Wizard
			Attackers pushback: Elf
			Attackers pushback: Dragonborn
			Attackers pushback: Wizard
			Attackers pushback: Warrior
			Attackers pushback: Warrior
			Attackers pushback: Elf
			Attackers pushback: Wizard
			Attackers pushback: Wizard
			Attackers pushback: Dragonborn
			Attackers pushback: Dragonborn
			Attackers pushback: Elf
			Attackers pushback: Archer
			Attackers pushback: Elf
			Attackers pushback: Archer
			Attackers pushback: Elf
			Attackers pushback: Archer
			Attackers pushback: Archer
			Attackers pushback: Elf
			Attackers pushback: Elf
			Attackers pushback: Archer
			Attackers pushback: Wizard
			Attackers pushback: Wizard
			Attackers pushback: Archer
			Attackers pushback: Dragonborn
			Attackers pushback: Dragonborn
			Attackers pushback: Dragonborn
			Attackers pushback: Warrior
			Attackers pushback: Elf
			Attackers pushback: Archer
			Attackers pushback: Dragonborn
			Attackers pushback: Wizard
			Attackers pushback: Warrior
			Attackers pushback: Archer
			Attackers pushback: Dragonborn
			Attackers pushback: Dragonborn
			Attackers pushback: Warrior
			Attackers pushback: Elf
			Attackers pushback: Warrior
			Attackers pushback: Archer
			Attackers pushback: Dragonborn
			Attackers pushback: Archer
			Attackers pushback: Archer
			Attackers pushback: Archer
			Attackers pushback: Warrior
			Attackers pushback: Dragonborn
			Attackers pushback: Wizard
			Attackers pushback: Wizard
		Generate Defenders
==Attackers and Defenders list generated==
	Attackers.size(): 300
	Attackers: 300
	Defenders.size(): 15
	Defenders: 15
==Main Game Loop Started==
	==Round 0 Started==
		Update Bar
			Calculate Percentage: 1
			Calculate Percentage: 1
		processDamage
			Defender Damage: 14
	==Round 1 Started==
		Update Bar
			Calculate Percentage: 1
			Calculate Percentage: 1
		processDamage
			Defender Damage: 5
	==Round 2 Started==
		Update Bar
			Calculate Percentage: 1
			Calculate Percentage: 1
		processDamage
			Defender Damage: 13
==Main Game Loop Started==
	==Round 3 Started==
		Update Bar
			Calculate Percentage: 1
			Calculate Percentage: 1
		processDamage
			Defender Damage: 7
	==Round 4 Started==
		Update Bar
			Calculate Percentage: 1
			Calculate Percentage: 1
		processDamage
			Defender Damage: 11
	==Round 5 Started==
		Update Bar
			Calculate Percentage: 1
			Calculate Percentage: 1
		processDamage
			Defender Damage: 7
==Main Game Loop Started==
	==Round 6 Started==
		Update Bar
			Calculate Percentage: 0.99
			Calculate Percentage: 1
		processDamage
			Defender Damage: 9
	==Round 7 Started==
		Update Bar
			Calculate Percentage: 0.99
			Calculate Percentage: 1
		processDamage
			Defender Damage: 7
	==Round 8 Started==
		Update Bar
			Calculate Percentage: 0.99
			Calculate Percentage: 1
		processDamage
			Defender Damage: 9
==Main Game Loop Started==
	==Round 9 Started==
		Update Bar
			Calculate Percentage: 0.99
			Calculate Percentage: 1
		processDamage
			Defender Damage: 5
	==Round 10 Started==
		Update Bar
			Calculate Percentage: 0.99
			Calculate Percentage: 1
		processDamage
			Defender Damage: 9
	==Round 11 Started==
		Update Bar
			Calculate Percentage: 0.99
			Calculate Percentage: 1
		processDamage
			Defender Damage: 14
	==Round 12 Started==
		Update Bar
			Calculate Percentage: 0.99
			Calculate Percentage: 1
		processDamage
			Defender Damage: 8
==Main Game Loop Started==
	==Round 13 Started==
		Update Bar
			Calculate Percentage: 0.99
			Calculate Percentage: 1
		processDamage
			Defender Damage: 9
	==Round 14 Started==
		Update Bar
			Calculate Percentage: 0.99
			Calculate Percentage: 1
		processDamage
			Defender Damage: 13
==Main Game Loop Started==
	==Round 15 Started==
		Update Bar
			Calculate Percentage: 0.98
			Calculate Percentage: 1
		processDamage
			Defender Damage: 9
	==Round 16 Started==
		Update Bar
			Calculate Percentage: 0.98
			Calculate Percentage: 1
		processDamage
			Defender Damage: 8
	==Round 17 Started==
		Update Bar
			Calculate Percentage: 0.98
			Calculate Percentage: 1
		processDamage
			Defender Damage: 9
==Main Game Loop Started==
	==Round 18 Started==
		Update Bar
			Calculate Percentage: 0.98
			Calculate Percentage: 1
		processDamage
			Defender Damage: 9
	==Round 19 Started==
		Update Bar
			Calculate Percentage: 0.98
			Calculate Percentage: 1
		processDamage
			Defender Damage: 13
	==Round 20 Started==
		Update Bar
			Calculate Percentage: 0.98
			Calculate Percentage: 1
		processDamage
			Defender Damage: 8
==Main Game Loop Started==
	==Round 21 Started==
		Update Bar
			Calculate Percentage: 0.98
			Calculate Percentage: 1
		processDamage
			Defender Damage: 6
	==Round 22 Started==
		Update Bar
			Calculate Percentage: 0.98
			Calculate Percentage: 1
		processDamage
			Defender Damage: 14
	==Round 23 Started==
		Update Bar
			Calculate Percentage: 0.98
			Calculate Percentage: 1
		processDamage
			Defender Damage: 6
==Main Game Loop Started==
	==Round 24 Started==
		Update Bar
			Calculate Percentage: 0.97
			Calculate Percentage: 1
		processDamage
			Defender Damage: 7
	==Round 25 Started==
		Update Bar
			Calculate Percentage: 0.97
			Calculate Percentage: 1
		processDamage
			Defender Damage: 12
	==Round 26 Started==
		Update Bar
			Calculate Percentage: 0.97
			Calculate Percentage: 1
		processDamage
			Defender Damage: 12
==Main Game Loop Started==
	==Round 27 Started==
		Update Bar
			Calculate Percentage: 0.97
			Calculate Percentage: 1
		processDamage
			Defender Damage: 11
	==Round 28 Started==
		Update Bar
			Calculate Percentage: 0.97
			Calculate Percentage: 1
		processDamage
			Defender Damage: 10
==Main Game Loop Started==
	==Round 29 Started==
		Update Bar
			Calculate Percentage: 0.97
			Calculate Percentage: 1
		processDamage
			Defender Damage: 10
	==Round 30 Started==
		Update Bar
			Calculate Percentage: 0.97
			Calculate Percentage: 1
		processDamage
			Defender Damage: 15
==Main Game Loop Started==
	==Round 31 Started==
		Update Bar
			Calculate Percentage: 0.96
			Calculate Percentage: 1
		processDamage
			Defender Damage: 7
	==Round 32 Started==
		Update Bar
			Calculate Percentage: 0.96
			Calculate Percentage: 1
		processDamage
			Defender Damage: 13
==Main Game Loop Started==
	==Round 33 Started==
		Update Bar
			Calculate Percentage: 0.96
			Calculate Percentage: 1
		processDamage
			Defender Damage: 9
	==Round 34 Started==
		Update Bar
			Calculate Percentage: 0.96
			Calculate Percentage: 1
		processDamage
			Defender Damage: 4
	==Round 35 Started==
		Update Bar
			Calculate Percentage: 0.96
			Calculate Percentage: 1
		processDamage
			Defender Damage: 10
==Main Game Loop Started==
	==Round 36 Started==
		Update Bar
			Calculate Percentage: 0.96
			Calculate Percentage: 1
		processDamage
			Defender Damage: 7
	==Round 37 Started==
		Update Bar
			Calculate Percentage: 0.96
			Calculate Percentage: 1
		processDamage
			Defender Damage: 5
	==Round 38 Started==
		Update Bar
			Calculate Percentage: 0.96
			Calculate Percentage: 1
		processDamage
			Defender Damage: 12
	==Round 39 Started==
		Update Bar
			Calculate Percentage: 0.96
			Calculate Percentage: 1
		processDamage
			Defender Damage: 13
==Main Game Loop Started==
	==Round 40 Started==
		Update Bar
			Calculate Percentage: 0.95
			Calculate Percentage: 1
		processDamage
			Defender Damage: 13
	==Round 41 Started==
		Update Bar
			Calculate Percentage: 0.95
			Calculate Percentage: 1
		processDamage
			Defender Damage: 9
	==Round 42 Started==
		Update Bar
			Calculate Percentage: 0.95
			Calculate Percentage: 1
		processDamage
			Defender Damage: 10
==Main Game Loop Started==
	==Round 43 Started==
		Update Bar
			Calculate Percentage: 0.95
			Calculate Percentage: 1
		processDamage
			Defender Damage: 7
	==Round 44 Started==
		Update Bar
			Calculate Percentage: 0.95
			Calculate Percentage: 1
		processDamage
			Defender Damage: 10
	==Round 45 Started==
		Update Bar
			Calculate Percentage: 0.95
			Calculate Percentage: 1
		processDamage
			Defender Damage: 8
==Main Game Loop Started==
	==Round 46 Started==
		Update Bar
			Calculate Percentage: 0.95
			Calculate Percentage: 1
		processDamage
			Defender Damage: 13
	==Round 47 Started==
		Update Bar
			Calculate Percentage: 0.95
			Calculate Percentage: 1
		processDamage
			Defender Damage: 10
==Main Game Loop Started==
	==Round 48 Started==
		Update Bar
			Calculate Percentage: 0.94
			Calculate Percentage: 1
		processDamage
			Defender Damage: 12
	==Round 49 Started==
		Update Bar
			Calculate Percentage: 0.94
			Calculate Percentage: 1
		processDamage
			Defender Damage: 12
	==Round 50 Started==
		Update Bar
			Calculate Percentage: 0.94
			Calculate Percentage: 1
		processDamage
			Defender Damage: 13
==Main Game Loop Started==
	==Round 51 Started==
		Update Bar
			Calculate Percentage: 0.94
			Calculate Percentage: 1
		processDamage
			Defender Damage: 13
	==Round 52 Started==
		Update Bar
			Calculate Percentage: 0.94
			Calculate Percentage: 1
		processDamage
			Defender Damage: 10
==Main Game Loop Started==
	==Round 53 Started==
		Update Bar
			Calculate Percentage: 0.94
			Calculate Percentage: 1
		processDamage
			Defender Damage: 11
	==Round 54 Started==
		Update Bar
			Calculate Percentage: 0.94
			Calculate Percentage: 1
		processDamage
			Defender Damage: 12
==Main Game Loop Started==
	==Round 55 Started==
		Update Bar
			Calculate Percentage: 0.93
			Calculate Percentage: 1
		processDamage
			Defender Damage: 14
	==Round 56 Started==
		Update Bar
			Calculate Percentage: 0.93
			Calculate Percentage: 1
		processDamage
			Defender Damage: 9
	==Round 57 Started==
		Update Bar
			Calculate Percentage: 0.93
			Calculate Percentage: 1
		processDamage
			Defender Damage: 15
==Main Game Loop Started==
	==Round 58 Started==
		Update Bar
			Calculate Percentage: 0.93
			Calculate Percentage: 1
		processDamage
			Defender Damage: 11
	==Round 59 Started==
		Update Bar
			Calculate Percentage: 0.93
			Calculate Percentage: 1
		processDamage
			Defender Damage: 9
==Main Game Loop Started==
	==Round 60 Started==
		Update Bar
			Calculate Percentage: 0.93
			Calculate Percentage: 1
		processDamage
			Defender Damage: 8
	==Round 61 Started==
		Update Bar
			Calculate Percentage: 0.93
			Calculate Percentage: 1
		processDamage
			Defender Damage: 9
	==Round 62 Started==
		Update Bar
			Calculate Percentage: 0.93
			Calculate Percentage: 1
		processDamage
			Defender Damage: 10
==Main Game Loop Started==
	==Round 63 Started==
		Update Bar
			Calculate Percentage: 0.92
			Calculate Percentage: 1
		processDamage
			Defender Damage: 11
	==Round 64 Started==
		Update Bar
			Calculate Percentage: 0.92
			Calculate Percentage: 1
		processDamage
			Defender Damage: 10
	==Round 65 Started==
		Update Bar
			Calculate Percentage: 0.92
			Calculate Percentage: 1
		processDamage
			Defender Damage: 11
==Main Game Loop Started==
	==Round 66 Started==
		Update Bar
			Calculate Percentage: 0.92
			Calculate Percentage: 1
		processDamage
			Defender Damage: 9
	==Round 67 Started==
		Update Bar
			Calculate Percentage: 0.92
			Calculate Percentage: 1
		processDamage
			Defender Damage: 9
	==Round 68 Started==
		Update Bar
			Calculate Percentage: 0.92
			Calculate Percentage: 1
		processDamage
			Defender Damage: 11
==Main Game Loop Started==
	==Round 69 Started==
		Update Bar
			Calculate Percentage: 0.92
			Calculate Percentage: 1
		processDamage
			Defender Damage: 12
	==Round 70 Started==
		Update Bar
			Calculate Percentage: 0.92
			Calculate Percentage: 1
		processDamage
			Defender Damage: 12
==Main Game Loop Started==
	==Round 71 Started==
		Update Bar
			Calculate Percentage: 0.91
			Calculate Percentage: 1
		processDamage
			Defender Damage: 9
	==Round 72 Started==
		Update Bar
			Calculate Percentage: 0.91
			Calculate Percentage: 1
		processDamage
			Defender Damage: 10
	==Round 73 Started==
		Update Bar
			Calculate Percentage: 0.91
			Calculate Percentage: 1
		processDamage
			Defender Damage: 12
==Main Game Loop Started==
	==Round 74 Started==
		Update Bar
			Calculate Percentage: 0.91
			Calculate Percentage: 1
		processDamage
			Defender Damage: 8
	==Round 75 Started==
		Update Bar
			Calculate Percentage: 0.91
			Calculate Percentage: 1
		processDamage
			Defender Damage: 12
==Main Game Loop Started==
	==Round 76 Started==
		Update Bar
			Calculate Percentage: 0.91
			Calculate Percentage: 1
		processDamage
			Defender Damage: 8
	==Round 77 Started==
		Update Bar
			Calculate Percentage: 0.91
			Calculate Percentage: 1
		processDamage
			Defender Damage: 6
==Main Game Loop Started==
	==Round 78 Started==
		Update Bar
			Calculate Percentage: 0.91
			Calculate Percentage: 0.93
		processDamage
			Defender Damage: 6
	==Round 79 Started==
		Update Bar
			Calculate Percentage: 0.91
			Calculate Percentage: 0.93
		processDamage
			Defender Damage: 6
==Main Game Loop Started==
	==Round 80 Started==
		Update Bar
			Calculate Percentage: 0.9
			Calculate Percentage: 0.93
		processDamage
			Defender Damage: 8
	==Round 81 Started==
		Update Bar
			Calculate Percentage: 0.9
			Calculate Percentage: 0.93
		processDamage
			Defender Damage: 12
==Main Game Loop Started==
	==Round 82 Started==
		Update Bar
			Calculate Percentage: 0.9
			Calculate Percentage: 0.93
		processDamage
			Defender Damage: 9
	==Round 83 Started==
		Update Bar
			Calculate Percentage: 0.9
			Calculate Percentage: 0.93
		processDamage
			Defender Damage: 9
	==Round 84 Started==
		Update Bar
			Calculate Percentage: 0.9
			Calculate Percentage: 0.93
		processDamage
			Defender Damage: 7
==Main Game Loop Started==
	==Round 85 Started==
		Update Bar
			Calculate Percentage: 0.9
			Calculate Percentage: 0.93
		processDamage
			Defender Damage: 7
	==Round 86 Started==
		Update Bar
			Calculate Percentage: 0.9
			Calculate Percentage: 0.93
		processDamage
			Defender Damage: 5
	==Round 87 Started==
		Update Bar
			Calculate Percentage: 0.9
			Calculate Percentage: 0.93
		processDamage
			Defender Damage: 6
	==Round 88 Started==
		Update Bar
			Calculate Percentage: 0.9
			Calculate Percentage: 0.93
		processDamage
			Defender Damage: 9
==Main Game Loop Started==
	==Round 89 Started==
		Update Bar
			Calculate Percentage: 0.89
			Calculate Percentage: 0.93
		processDamage
			Defender Damage: 5
	==Round 90 Started==
		Update Bar
			Calculate Percentage: 0.89
			Calculate Percentage: 0.93
		processDamage
			Defender Damage: 9
	==Round 91 Started==
		Update Bar
			Calculate Percentage: 0.89
			Calculate Percentage: 0.93
		processDamage
			Defender Damage: 6
==Main Game Loop Started==
	==Round 92 Started==
		Update Bar
			Calculate Percentage: 0.89
			Calculate Percentage: 0.93
		processDamage
			Defender Damage: 8
	==Round 93 Started==
		Update Bar
			Calculate Percentage: 0.89
			Calculate Percentage: 0.93
		processDamage
			Defender Damage: 8
	==Round 94 Started==
		Update Bar
			Calculate Percentage: 0.89
			Calculate Percentage: 0.93
		processDamage
			Defender Damage: 6
	==Round 95 Started==
		Update Bar
			Calculate Percentage: 0.89
			Calculate Percentage: 0.93
		processDamage
			Defender Damage: 12
==Main Game Loop Started==
	==Round 96 Started==
		Update Bar
			Calculate Percentage: 0.89
			Calculate Percentage: 0.93
		processDamage
			Defender Damage: 6
	==Round 97 Started==
		Update Bar
			Calculate Percentage: 0.89
			Calculate Percentage: 0.93
		processDamage
			Defender Damage: 8
	==Round 98 Started==
		Update Bar
			Calculate Percentage: 0.89
			Calculate Percentage: 0.93
		processDamage
			Defender Damage: 9
==Main Game Loop Started==
	==Round 99 Started==
		Update Bar
			Calculate Percentage: 0.88
			Calculate Percentage: 0.93
		processDamage
			Defender Damage: 9
	==Round 100 Started==
		Update Bar
			Calculate Percentage: 0.88
			Calculate Percentage: 0.93
		processDamage
			Defender Damage: 5
	==Round 101 Started==
		Update Bar
			Calculate Percentage: 0.88
			Calculate Percentage: 0.93
		processDamage
			Defender Damage: 9
==Main Game Loop Started==
	==Round 102 Started==
		Update Bar
			Calculate Percentage: 0.88
			Calculate Percentage: 0.93
		processDamage
			Defender Damage: 8
	==Round 103 Started==
		Update Bar
			Calculate Percentage: 0.88
			Calculate Percentage: 0.93
		processDamage
			Defender Damage: 6
	==Round 104 Started==
		Update Bar
			Calculate Percentage: 0.88
			Calculate Percentage: 0.93
		processDamage
			Defender Damage: 9
==Main Game Loop Started==
	==Round 105 Started==
		Update Bar
			Calculate Percentage: 0.88
			Calculate Percentage: 0.87
		processDamage
			Defender Damage: 5
	==Round 106 Started==
		Update Bar
			Calculate Percentage: 0.88
			Calculate Percentage: 0.87
		processDamage
			Defender Damage: 5
	==Round 107 Started==
		Update Bar
			Calculate Percentage: 0.88
			Calculate Percentage: 0.87
		processDamage
			Defender Damage: 4
	==Round 108 Started==
		Update Bar
			Calculate Percentage: 0.88
			Calculate Percentage: 0.87
		processDamage
			Defender Damage: 1
	==Round 109 Started==
		Update Bar
			Calculate Percentage: 0.88
			Calculate Percentage: 0.87
		processDamage
			Defender Damage: 6
	==Round 110 Started==
		Update Bar
			Calculate Percentage: 0.88
			Calculate Percentage: 0.87
		processDamage
			Defender Damage: 2
==Main Game Loop Started==
	==Round 111 Started==
		Update Bar
			Calculate Percentage: 0.87
			Calculate Percentage: 0.87
		processDamage
			Defender Damage: 2
	==Round 112 Started==
		Update Bar
			Calculate Percentage: 0.87
			Calculate Percentage: 0.87
		processDamage
			Defender Damage: 6
	==Round 113 Started==
		Update Bar
			Calculate Percentage: 0.87
			Calculate Percentage: 0.87
		processDamage
			Defender Damage: 6
	==Round 114 Started==
		Update Bar
			Calculate Percentage: 0.87
			Calculate Percentage: 0.87
		processDamage
			Defender Damage: 5
	==Round 115 Started==
		Update Bar
			Calculate Percentage: 0.87
			Calculate Percentage: 0.87
		processDamage
			Defender Damage: 1
	==Round 116 Started==
		Update Bar
			Calculate Percentage: 0.87
			Calculate Percentage: 0.87
		processDamage
			Defender Damage: 2
==Main Game Loop Started==
	==Round 117 Started==
		Update Bar
			Calculate Percentage: 0.87
			Calculate Percentage: 0.87
		processDamage
			Defender Damage: 1
	==Round 118 Started==
		Update Bar
			Calculate Percentage: 0.87
			Calculate Percentage: 0.87
		processDamage
			Defender Damage: 1
	==Round 119 Started==
		Update Bar
			Calculate Percentage: 0.87
			Calculate Percentage: 0.87
		processDamage
			Defender Damage: 6
	==Round 120 Started==
		Update Bar
			Calculate Percentage: 0.87
			Calculate Percentage: 0.87
		processDamage
			Defender Damage: 4
	==Round 121 Started==
		Update Bar
			Calculate Percentage: 0.87
			Calculate Percentage: 0.87
		processDamage
			Defender Damage: 2
	==Round 122 Started==
		Update Bar
			Calculate Percentage: 0.87
			Calculate Percentage: 0.87
		processDamage
			Defender Damage: 4
	==Round 123 Started==
		Update Bar
			Calculate Percentage: 0.87
			Calculate Percentage: 0.87
		processDamage
			Defender Damage: 6
==Main Game Loop Started==
	==Round 124 Started==
		Update Bar
			Calculate Percentage: 0.87
			Calculate Percentage: 0.87
		processDamage
			Defender Damage: 2
	==Round 125 Started==
		Update Bar
			Calculate Percentage: 0.87
			Calculate Percentage: 0.87
		processDamage
			Defender Damage: 1
	==Round 126 Started==
		Update Bar
			Calculate Percentage: 0.87
			Calculate Percentage: 0.87
		processDamage
			Defender Damage: 3
==Main Game Loop Started==
	==Round 127 Started==
		Update Bar
			Calculate Percentage: 0.87
			Calculate Percentage: 0.8
		processDamage
			Defender Damage: 9
	==Round 128 Started==
		Update Bar
			Calculate Percentage: 0.87
			Calculate Percentage: 0.8
		processDamage
			Defender Damage: 3
	==Round 129 Started==
		Update Bar
			Calculate Percentage: 0.87
			Calculate Percentage: 0.8
		processDamage
			Defender Damage: 3
==Main Game Loop Started==
	==Round 130 Started==
		Update Bar
			Calculate Percentage: 0.86
			Calculate Percentage: 0.8
		processDamage
			Defender Damage: 7
	==Round 131 Started==
		Update Bar
			Calculate Percentage: 0.86
			Calculate Percentage: 0.8
		processDamage
			Defender Damage: 10
	==Round 132 Started==
		Update Bar
			Calculate Percentage: 0.86
			Calculate Percentage: 0.8
		processDamage
			Defender Damage: 7
==Main Game Loop Started==
	==Round 133 Started==
		Update Bar
			Calculate Percentage: 0.86
			Calculate Percentage: 0.8
		processDamage
			Defender Damage: 7
	==Round 134 Started==
		Update Bar
			Calculate Percentage: 0.86
			Calculate Percentage: 0.8
		processDamage
			Defender Damage: 4
	==Round 135 Started==
		Update Bar
			Calculate Percentage: 0.86
			Calculate Percentage: 0.8
		processDamage
			Defender Damage: 2
	==Round 136 Started==
		Update Bar
			Calculate Percentage: 0.86
			Calculate Percentage: 0.8
		processDamage
			Defender Damage: 8
==Main Game Loop Started==
==Main Game Loop Started==
==Main Game Loop Started==
==Main Game Loop Started==
==Main Game Loop Started==
==Main Game Loop Started==
==Main Game Loop Started==
==Main Game Loop Started==
==Main Game Loop Started==
==Main Game Loop Started==
==Main Game Loop Started==
==Main Game Loop Started==
==Main Game Loop Started==
==Main Game Loop Started==
==Main Game Loop Started==
==Main Game Loop Started==
==Main Game Loop Started==
==Main Game Loop Started==
==Main Game Loop Started==
==Main Game Loop Started==
==Main Game Loop Started==
==Main Game Loop Started==
==Main Game Loop Started==
==Main Game Loop Started==
==Main Game Loop Started==
==Main Game Loop Started==
==Main Game Loop Started==
==Main Game Loop Started==
==Main Game Loop Started==
==Main Game Loop Started==
==Main Game Loop Started==
==Main Game Loop Started==
==Main Game Loop Started==
==Main Game Loop Started==
==Main Game Loop Started==
==Main Game Loop Started==
==Main Game Loop Started==
==Main Game Loop Started==
==Main Game Loop Started==
==Main Game Loop Started==
==Main Game Loop Started==
==Main Game Loop Started==
==Main Game Loop Started==
==Main Game Loop Started==
==Main Game Loop Started==
==Main Game Loop Started==
==Main Game Loop Started==
==Main Game Loop Started==
==Main Game Loop Started==
==Main Game Loop Started==
==Main Game Loop Started==
==Main Game Loop Started==
==Main Game Loop Started==
==Main Game Loop Started==
==Main Game Loop Started==
==Main Game Loop Started==
==Main Game Loop Started==
==Main Game Loop Started==
==Main Game Loop Started==
	==Round 137 Started==
		Update Bar
			Calculate Percentage: 0.66
			Calculate Percentage: 0.8
		processDamage
			Defender Damage: 4
==Main Game Loop Started==
==Main Game Loop Started==
==Main Game Loop Started==
==Main Game Loop Started==
==Main Game Loop Started==
==Main Game Loop Started==
==Main Game Loop Started==
==Main Game Loop Started==
==Main Game Loop Started==
==Main Game Loop Started==
==Main Game Loop Started==
==Main Game Loop Started==
==Main Game Loop Started==
==Main Game Loop Started==
==Main Game Loop Started==
==Main Game Loop Started==
==Main Game Loop Started==
==Main Game Loop Started==
==Main Game Loop Started==
==Main Game Loop Started==
==Main Game Loop Started==
==Main Game Loop Started==
==Main Game Loop Started==
==Main Game Loop Started==
==Main Game Loop Started==
==Main Game Loop Started==
==Main Game Loop Started==
==Main Game Loop Started==
==Main Game Loop Started==
==Main Game Loop Started==
==Main Game Loop Started==
==Main Game Loop Started==
==Main Game Loop Started==
==Main Game Loop Started==
==Main Game Loop Started==
==Main Game Loop Started==
==Main Game Loop Started==
==Main Game Loop Started==
==Main Game Loop Started==
==Main Game Loop Started==
==Main Game Loop Started==
==Main Game Loop Started==
==Main Game Loop Started==
==Main Game Loop Started==
==Main Game Loop Started==
==Main Game Loop Started==
==Main Game Loop Started==
==Main Game Loop Started==
==Main Game Loop Started==
==Main Game Loop Started==
==Main Game Loop Started==
==Main Game Loop Started==
==Main Game Loop Started==
==Main Game Loop Started==
==Main Game Loop Started==
==Main Game Loop Started==
==Main Game Loop Started==
==Main Game Loop Started==
==Main Game Loop Started==
==Main Game Loop Started==
==Main Game Loop Started==
==Main Game Loop Started==
==Main Game Loop Started==
==Main Game Loop Started==
==Main Game Loop Started==
==Main Game Loop Started==
==Main Game Loop Started==
==Main Game Loop Started==
==Main Game Loop Started==
==Main Game Loop Started==
==Main Game Loop Started==
==Main Game Loop Started==
==Main Game Loop Started==
==Main Game Loop Started==
==Main Game Loop Started==
==Main Game Loop Started==
==Main Game Loop Started==
==Main Game Loop Started==
==Main Game Loop Started==
==Main Game Loop Started==
==Main Game Loop Started==
==Main Game Loop Started==
==Main Game Loop Started==
==Main Game Loop Started==
==Main Game Loop Started==
==Main Game Loop Started==
==Main Game Loop Started==
==Main Game Loop Started==
==Main Game Loop Started==
==Main Game Loop Started==
==Main Game Loop Started==
==Main Game Loop Started==
==Main Game Loop Started==
==Main Game Loop Started==
==Main Game Loop Started==
==Main Game Loop Started==
==Main Game Loop Started==
==Main Game Loop Started==
==Main Game Loop Started==
==Main Game Loop Started==
==Main Game Loop Started==
==Main Game Loop Started==
==Main Game Loop Started==
==Main Game Loop Started==
==Main Game Loop Started==
==Main Game Loop Started==
==Main Game Loop Started==
==Main Game Loop Started==
==Main Game Loop Started==
==Main Game Loop Started==
==Main Game Loop Started==
==Main Game Loop Started==
==Main Game Loop Started==
==Main Game Loop Started==
==Main Game Loop Started==
==Main Game Loop Started==
==Main Game Loop Started==
==Main Game Loop Started==
==Main Game Loop Started==
==Main Game Loop Started==
==Main Game Loop Started==
==Main Game Loop Started==
==Main Game Loop Started==
==Main Game Loop Started==
==Main Game Loop Started==
==Main Game Loop Started==
==Main Game Loop Started==
==Main Game Loop Started==
==Main Game Loop Started==
==Main Game Loop Started==
==Main Game Loop Started==
==Main Game Loop Started==
==Main Game Loop Started==
==Main Game Loop Started==
==Main Game Loop Started==
==Main Game Loop Started==
==Main Game Loop Started==
==Main Game Loop Started==
==Main Game Loop Started==
==Main Game Loop Started==
==Main Game Loop Started==
==Main Game Loop Started==
==Main Game Loop Started==
==Main Game Loop Started==
==Main Game Loop Started==
==Main Game Loop Started==
==Main Game Loop Started==
==Main Game Loop Started==
==Main Game Loop Started==
==Main Game Loop Started==
==Main Game Loop Started==
==Main Game Loop Started==
==Main Game Loop Started==
==Main Game Loop Started==
==Main Game Loop Started==
==Main Game Loop Started==
==Main Game Loop Started==
==Main Game Loop Started==
==Main Game Loop Started==
==Main Game Loop Started==
==Main Game Loop Started==
==Main Game Loop Started==
==Main Game Loop Started==
==Main Game Loop Started==
==Main Game Loop Started==
==Main Game Loop Started==
==Main Game Loop Started==
==Main Game Loop Started==
==Main Game Loop Started==
==Main Game Loop Started==
==Main Game Loop Started==
==Main Game Loop Started==
==Main Game Loop Started==
==Main Game Loop Started==
==Main Game Loop Started==
==Main Game Loop Started==
==Main Game Loop Started==
==Main Game Loop Started==
==Main Game Loop Started==
==Main Game Loop Started==
==Main Game Loop Started==
==Main Game Loop Started==
==Main Game Loop Started==
==Main Game Loop Started==
==Main Game Loop Started==
==Main Game Loop Started==
==Main Game Loop Started==
==Main Game Loop Started==
==Main Game Loop Started==
==Main Game Loop Started==
==Main Game Loop Started==
==Main Game Loop Started==
==Main Game Loop Started==
==Main Game Loop Started==
==Main Game Loop Started==
==Main Game Loop Started==
==Main Game Loop Started==
==Main Game Loop Started==
